{"/Users/ninenan/NNN/study_code/algorithm/builder-webpack/lib/webpack.base.js":{"path":"/Users/ninenan/NNN/study_code/algorithm/builder-webpack/lib/webpack.base.js","s":{"1":1,"2":1,"3":1,"4":1,"5":1,"6":1,"7":1,"8":1,"9":1,"10":1,"11":1,"12":1,"13":1,"14":2,"15":2,"16":2,"17":2,"18":1,"19":1,"20":1,"21":0,"22":0,"23":0,"24":0},"b":{"1":[2,2],"2":[0,0],"3":[0,0,0]},"f":{"1":0},"fnMap":{"1":{"name":"errorPlugin","line":121,"loc":{"start":{"line":121,"column":8},"end":{"line":121,"column":31}}}},"statementMap":{"1":{"start":{"line":1,"column":0},"end":{"line":1,"column":57}},"2":{"start":{"line":2,"column":0},"end":{"line":2,"column":29}},"3":{"start":{"line":3,"column":0},"end":{"line":3,"column":63}},"4":{"start":{"line":4,"column":0},"end":{"line":4,"column":84}},"5":{"start":{"line":5,"column":0},"end":{"line":5,"column":64}},"6":{"start":{"line":6,"column":0},"end":{"line":6,"column":29}},"7":{"start":{"line":7,"column":0},"end":{"line":7,"column":54}},"8":{"start":{"line":9,"column":0},"end":{"line":9,"column":34}},"9":{"start":{"line":10,"column":0},"end":{"line":42,"column":2}},"10":{"start":{"line":11,"column":4},"end":{"line":11,"column":21}},"11":{"start":{"line":12,"column":4},"end":{"line":12,"column":34}},"12":{"start":{"line":13,"column":4},"end":{"line":13,"column":91}},"13":{"start":{"line":15,"column":4},"end":{"line":36,"column":7}},"14":{"start":{"line":16,"column":8},"end":{"line":16,"column":72}},"15":{"start":{"line":17,"column":8},"end":{"line":17,"column":43}},"16":{"start":{"line":19,"column":8},"end":{"line":19,"column":36}},"17":{"start":{"line":20,"column":8},"end":{"line":35,"column":9}},"18":{"start":{"line":38,"column":4},"end":{"line":41,"column":6}},"19":{"start":{"line":44,"column":0},"end":{"line":44,"column":47}},"20":{"start":{"line":46,"column":0},"end":{"line":132,"column":2}},"21":{"start":{"line":122,"column":12},"end":{"line":128,"column":15}},"22":{"start":{"line":124,"column":16},"end":{"line":127,"column":17}},"23":{"start":{"line":125,"column":20},"end":{"line":125,"column":72}},"24":{"start":{"line":126,"column":20},"end":{"line":126,"column":36}}},"branchMap":{"1":{"line":17,"type":"binary-expr","locations":[{"start":{"line":17,"column":25},"end":{"line":17,"column":30}},{"start":{"line":17,"column":34},"end":{"line":17,"column":42}}]},"2":{"line":124,"type":"if","locations":[{"start":{"line":124,"column":16},"end":{"line":124,"column":16}},{"start":{"line":124,"column":16},"end":{"line":124,"column":16}}]},"3":{"line":124,"type":"binary-expr","locations":[{"start":{"line":124,"column":20},"end":{"line":124,"column":44}},{"start":{"line":124,"column":48},"end":{"line":124,"column":79}},{"start":{"line":124,"column":83},"end":{"line":124,"column":121}}]}}}}